Removed Pin From Net: NetName=SCLK1 Pin=J1-1
Removed Pin From Net: NetName=DIN1 Pin=J1-2
Removed Pin From Net: NetName=DOUT1 Pin=J1-3
Removed Pin From Net: NetName=SCLK2 Pin=J1-4
Removed Pin From Net: NetName=DIN2 Pin=J1-5
Removed Pin From Net: NetName=DOUT2 Pin=J1-6
Removed Pin From Net: NetName=SCLK3 Pin=J1-7
Removed Pin From Net: NetName=DIN3 Pin=J1-8
Removed Pin From Net: NetName=DOUT3 Pin=J1-9
Removed Pin From Net: NetName=SCLK4 Pin=J1-10
Removed Pin From Net: NetName=DIN4 Pin=J1-11
Removed Pin From Net: NetName=DOUT4 Pin=J1-12
Removed Pin From Net: NetName=C\S\1 Pin=J1-13
Removed Pin From Net: NetName=C\S\2 Pin=J1-14
Removed Pin From Net: NetName=C\S\3 Pin=J1-15
Removed Pin From Net: NetName=S\Y\N\C\1 Pin=J1-17
Removed Pin From Net: NetName=S\Y\N\C\2 Pin=J1-18
Removed Pin From Net: NetName=S\Y\N\C\3 Pin=J1-19
Added Pin To Net: NetName=C\S\1 Pin=J1-1
Added Pin To Net: NetName=SCLK1 Pin=J1-2
Added Pin To Net: NetName=DIN1 Pin=J1-3
Added Pin To Net: NetName=DOUT1 Pin=J1-4
Added Pin To Net: NetName=S\Y\N\C\1 Pin=J1-5
Added Pin To Net: NetName=C\S\2 Pin=J1-6
Added Pin To Net: NetName=SCLK2 Pin=J1-7
Added Pin To Net: NetName=DIN2 Pin=J1-8
Added Pin To Net: NetName=DOUT2 Pin=J1-9
Added Pin To Net: NetName=S\Y\N\C\2 Pin=J1-10
Added Pin To Net: NetName=C\S\3 Pin=J1-11
Added Pin To Net: NetName=SCLK3 Pin=J1-12
Added Pin To Net: NetName=DIN3 Pin=J1-13
Added Pin To Net: NetName=DOUT3 Pin=J1-14
Added Pin To Net: NetName=S\Y\N\C\3 Pin=J1-15
Added Pin To Net: NetName=SCLK4 Pin=J1-17
Added Pin To Net: NetName=DIN4 Pin=J1-18
Added Pin To Net: NetName=DOUT4 Pin=J1-19
