Remove Pin=J1-1 From Net=SCLK1
Remove Pin=J1-2 From Net=DIN1
Remove Pin=J1-3 From Net=DOUT1
Remove Pin=J1-4 From Net=SCLK2
Remove Pin=J1-5 From Net=DIN2
Remove Pin=J1-6 From Net=DOUT2
Remove Pin=J1-7 From Net=S\Y\N\C\1
Remove Pin=J1-8 From Net=S\Y\N\C\2
Remove Pin=J1-9 From Net=C\S\1
Remove Pin=J1-10 From Net=C\S\2
Remove Pin=J1-12 From Net=SCLK3
Remove Pin=J1-13 From Net=DIN3
Remove Pin=J1-14 From Net=DOUT3
Remove Pin=J1-15 From Net=SCLK4
Remove Pin=J1-16 From Net=DIN4
Remove Pin=J1-17 From Net=DOUT4
Remove Pin=J1-18 From Net=S\Y\N\C\3
Remove Pin=J1-19 From Net=S\Y\N\C\4
Remove Pin=J1-20 From Net=C\S\3
Remove Pin=J1-21 From Net=C\S\4
